# JRE version: OpenJDK Runtime Environment Temurin-21.0.8+9 (21.0.8+9) (build 21.0.8+9-LTS)
# Java VM: OpenJDK 64-Bit Server VM Temurin-21.0.8+9 (21.0.8+9-LTS, mixed mode, sharing, tiered, compressed oops, compressed class ptrs, parallel gc, windows-amd64)
GC Precious Log:
 CardTable entry size: 512
 CPUs: 12 total, 12 available
 Memory: 15773M
 Large Page Support: Disabled
 NUMA Support: Disabled
 Compressed Oops: Enabled (32-bit)
 Alignments: Space 512K, Generation 512K, Heap 2M
 Heap Min Capacity: 100M
 Heap Initial Capacity: 100M
 Heap Max Capacity: 2G
 Pre-touch: Disabled
 Parallel Workers: 10
Heap:
 PSYoungGen      total 15872K, used 5555K [0x00000000d5580000, 0x00000000d6900000, 0x0000000100000000)
  eden space 14848K, 30% used [0x00000000d5580000,0x00000000d59f4e88,0x00000000d6400000)
  from space 1024K, 96% used [0x00000000d6800000,0x00000000d68f8010,0x00000000d6900000)
  to   space 2560K, 0% used [0x00000000d6400000,0x00000000d6400000,0x00000000d6680000)
 ParOldGen       total 73216K, used 72969K [0x0000000080000000, 0x0000000084780000, 0x00000000d5580000)
  object space 73216K, 99% used [0x0000000080000000,0x0000000084742478,0x0000000084780000)
 Metaspace       used 70607K, committed 72320K, reserved 1114112K
  class space    used 7410K, committed 8128K, reserved 1048576K
GC Heap History (20 events):
Event: 5.974 GC heap before
{Heap before GC invocations=64 (full 3):
 PSYoungGen      total 16384K, used 16224K [0x00000000d5580000, 0x00000000d6780000, 0x0000000100000000)
  eden space 14848K, 100% used [0x00000000d5580000,0x00000000d6400000,0x00000000d6400000)
  from space 1536K, 89% used [0x00000000d6600000,0x00000000d6758000,0x00000000d6780000)
  to   space 1536K, 0% used [0x00000000d6480000,0x00000000d6480000,0x00000000d6600000)
 ParOldGen       total 68608K, used 62662K [0x0000000080000000, 0x0000000084300000, 0x00000000d5580000)
  object space 68608K, 91% used [0x0000000080000000,0x0000000083d31b48,0x0000000084300000)
 Metaspace       used 67077K, committed 68672K, reserved 1114112K
  class space    used 7201K, committed 7872K, reserved 1048576K
}
Event: 5.975 GC heap after
{Heap after GC invocations=64 (full 3):
 PSYoungGen      total 16384K, used 1511K [0x00000000d5580000, 0x00000000d7000000, 0x0000000100000000)
  eden space 14848K, 0% used [0x00000000d5580000,0x00000000d5580000,0x00000000d6400000)
  from space 1536K, 98% used [0x00000000d6480000,0x00000000d65f9c10,0x00000000d6600000)
  to   space 6144K, 0% used [0x00000000d6a00000,0x00000000d6a00000,0x00000000d7000000)
 ParOldGen       total 68608K, used 66224K [0x0000000080000000, 0x0000000084300000, 0x00000000d5580000)
  object space 68608K, 96% used [0x0000000080000000,0x00000000840ac098,0x0000000084300000)
 Metaspace       used 67077K, committed 68672K, reserved 1114112K
  class space    used 7201K, committed 7872K, reserved 1048576K
}
Event: 6.017 GC heap before
{Heap before GC invocations=65 (full 3):
 PSYoungGen      total 16384K, used 16359K [0x00000000d5580000, 0x00000000d7000000, 0x0000000100000000)
  eden space 14848K, 100% used [0x00000000d5580000,0x00000000d6400000,0x00000000d6400000)
  from space 1536K, 98% used [0x00000000d6480000,0x00000000d65f9c10,0x00000000d6600000)
  to   space 6144K, 0% used [0x00000000d6a00000,0x00000000d6a00000,0x00000000d7000000)
 ParOldGen       total 68608K, used 66224K [0x0000000080000000, 0x0000000084300000, 0x00000000d5580000)
  object space 68608K, 96% used [0x0000000080000000,0x00000000840ac098,0x0000000084300000)
 Metaspace       used 67640K, committed 69248K, reserved 1114112K
  class space    used 7231K, committed 7936K, reserved 1048576K
}
Event: 6.018 GC heap after
{Heap after GC invocations=65 (full 3):
 PSYoungGen      total 16896K, used 1799K [0x00000000d5580000, 0x00000000d6c00000, 0x0000000100000000)
  eden space 14848K, 0% used [0x00000000d5580000,0x00000000d5580000,0x00000000d6400000)
  from space 2048K, 87% used [0x00000000d6a00000,0x00000000d6bc1f48,0x00000000d6c00000)
  to   space 3072K, 0% used [0x00000000d6600000,0x00000000d6600000,0x00000000d6900000)
 ParOldGen       total 68608K, used 67572K [0x0000000080000000, 0x0000000084300000, 0x00000000d5580000)
  object space 68608K, 98% used [0x0000000080000000,0x00000000841fd298,0x0000000084300000)
 Metaspace       used 67640K, committed 69248K, reserved 1114112K
  class space    used 7231K, committed 7936K, reserved 1048576K
}
Event: 6.090 GC heap before
{Heap before GC invocations=66 (full 3):
 PSYoungGen      total 16896K, used 16647K [0x00000000d5580000, 0x00000000d6c00000, 0x0000000100000000)
  eden space 14848K, 100% used [0x00000000d5580000,0x00000000d6400000,0x00000000d6400000)
  from space 2048K, 87% used [0x00000000d6a00000,0x00000000d6bc1f48,0x00000000d6c00000)
  to   space 3072K, 0% used [0x00000000d6600000,0x00000000d6600000,0x00000000d6900000)
 ParOldGen       total 68608K, used 67572K [0x0000000080000000, 0x0000000084300000, 0x00000000d5580000)
  object space 68608K, 98% used [0x0000000080000000,0x00000000841fd298,0x0000000084300000)
 Metaspace       used 68342K, committed 69952K, reserved 1114112K
  class space    used 7271K, committed 8000K, reserved 1048576K
}
Event: 6.092 GC heap after
{Heap after GC invocations=66 (full 3):
 PSYoungGen      total 17920K, used 997K [0x00000000d5580000, 0x00000000d6a80000, 0x0000000100000000)
  eden space 14848K, 0% used [0x00000000d5580000,0x00000000d5580000,0x00000000d6400000)
  from space 3072K, 32% used [0x00000000d6600000,0x00000000d66f9420,0x00000000d6900000)
  to   space 1536K, 0% used [0x00000000d6900000,0x00000000d6900000,0x00000000d6a80000)
 ParOldGen       total 69120K, used 68941K [0x0000000080000000, 0x0000000084380000, 0x00000000d5580000)
  object space 69120K, 99% used [0x0000000080000000,0x0000000084353598,0x0000000084380000)
 Metaspace       used 68342K, committed 69952K, reserved 1114112K
  class space    used 7271K, committed 8000K, reserved 1048576K
}
Event: 6.775 GC heap before
{Heap before GC invocations=67 (full 3):
 PSYoungGen      total 17920K, used 15845K [0x00000000d5580000, 0x00000000d6a80000, 0x0000000100000000)
  eden space 14848K, 100% used [0x00000000d5580000,0x00000000d6400000,0x00000000d6400000)
  from space 3072K, 32% used [0x00000000d6600000,0x00000000d66f9420,0x00000000d6900000)
  to   space 1536K, 0% used [0x00000000d6900000,0x00000000d6900000,0x00000000d6a80000)
 ParOldGen       total 69120K, used 68941K [0x0000000080000000, 0x0000000084380000, 0x00000000d5580000)
  object space 69120K, 99% used [0x0000000080000000,0x0000000084353598,0x0000000084380000)
 Metaspace       used 68942K, committed 70464K, reserved 1114112K
  class space    used 7335K, committed 8000K, reserved 1048576K
}
Event: 6.776 GC heap after
{Heap after GC invocations=67 (full 3):
 PSYoungGen      total 16384K, used 1328K [0x00000000d5580000, 0x00000000d6a80000, 0x0000000100000000)
  eden space 14848K, 0% used [0x00000000d5580000,0x00000000d5580000,0x00000000d6400000)
  from space 1536K, 86% used [0x00000000d6900000,0x00000000d6a4c010,0x00000000d6a80000)
  to   space 1536K, 0% used [0x00000000d6780000,0x00000000d6780000,0x00000000d6900000)
 ParOldGen       total 70144K, used 69736K [0x0000000080000000, 0x0000000084480000, 0x00000000d5580000)
  object space 70144K, 99% used [0x0000000080000000,0x000000008441a248,0x0000000084480000)
 Metaspace       used 68942K, committed 70464K, reserved 1114112K
  class space    used 7335K, committed 8000K, reserved 1048576K
}
Event: 6.852 GC heap before
{Heap before GC invocations=68 (full 3):
 PSYoungGen      total 16384K, used 16176K [0x00000000d5580000, 0x00000000d6a80000, 0x0000000100000000)
  eden space 14848K, 100% used [0x00000000d5580000,0x00000000d6400000,0x00000000d6400000)
  from space 1536K, 86% used [0x00000000d6900000,0x00000000d6a4c010,0x00000000d6a80000)
  to   space 1536K, 0% used [0x00000000d6780000,0x00000000d6780000,0x00000000d6900000)
 ParOldGen       total 70144K, used 69736K [0x0000000080000000, 0x0000000084480000, 0x00000000d5580000)
  object space 70144K, 99% used [0x0000000080000000,0x000000008441a248,0x0000000084480000)
 Metaspace       used 69119K, committed 70656K, reserved 1114112K
  class space    used 7336K, committed 8000K, reserved 1048576K
}
Event: 6.853 GC heap after
{Heap after GC invocations=68 (full 3):
 PSYoungGen      total 15872K, used 560K [0x00000000d5580000, 0x00000000d6980000, 0x0000000100000000)
  eden space 14848K, 0% used [0x00000000d5580000,0x00000000d5580000,0x00000000d6400000)
  from space 1024K, 54% used [0x00000000d6780000,0x00000000d680c010,0x00000000d6880000)
  to   space 1024K, 0% used [0x00000000d6880000,0x00000000d6880000,0x00000000d6980000)
 ParOldGen       total 70656K, used 70264K [0x0000000080000000, 0x0000000084500000, 0x00000000d5580000)
  object space 70656K, 99% used [0x0000000080000000,0x000000008449e248,0x0000000084500000)
 Metaspace       used 69119K, committed 70656K, reserved 1114112K
  class space    used 7336K, committed 8000K, reserved 1048576K
}
Event: 6.938 GC heap before
{Heap before GC invocations=69 (full 3):
 PSYoungGen      total 15872K, used 15408K [0x00000000d5580000, 0x00000000d6980000, 0x0000000100000000)
  eden space 14848K, 100% used [0x00000000d5580000,0x00000000d6400000,0x00000000d6400000)
  from space 1024K, 54% used [0x00000000d6780000,0x00000000d680c010,0x00000000d6880000)
  to   space 1024K, 0% used [0x00000000d6880000,0x00000000d6880000,0x00000000d6980000)
 ParOldGen       total 70656K, used 70264K [0x0000000080000000, 0x0000000084500000, 0x00000000d5580000)
  object space 70656K, 99% used [0x0000000080000000,0x000000008449e248,0x0000000084500000)
 Metaspace       used 69287K, committed 70848K, reserved 1114112K
  class space    used 7340K, committed 8000K, reserved 1048576K
}
Event: 6.939 GC heap after
{Heap after GC invocations=69 (full 3):
 PSYoungGen      total 15872K, used 544K [0x00000000d5580000, 0x00000000d6980000, 0x0000000100000000)
  eden space 14848K, 0% used [0x00000000d5580000,0x00000000d5580000,0x00000000d6400000)
  from space 1024K, 53% used [0x00000000d6880000,0x00000000d6908000,0x00000000d6980000)
  to   space 1024K, 0% used [0x00000000d6780000,0x00000000d6780000,0x00000000d6880000)
 ParOldGen       total 70656K, used 70296K [0x0000000080000000, 0x0000000084500000, 0x00000000d5580000)
  object space 70656K, 99% used [0x0000000080000000,0x00000000844a6248,0x0000000084500000)
 Metaspace       used 69287K, committed 70848K, reserved 1114112K
  class space    used 7340K, committed 8000K, reserved 1048576K
}
Event: 7.025 GC heap before
{Heap before GC invocations=70 (full 3):
 PSYoungGen      total 15872K, used 15392K [0x00000000d5580000, 0x00000000d6980000, 0x0000000100000000)
  eden space 14848K, 100% used [0x00000000d5580000,0x00000000d6400000,0x00000000d6400000)
  from space 1024K, 53% used [0x00000000d6880000,0x00000000d6908000,0x00000000d6980000)
  to   space 1024K, 0% used [0x00000000d6780000,0x00000000d6780000,0x00000000d6880000)
 ParOldGen       total 70656K, used 70296K [0x0000000080000000, 0x0000000084500000, 0x00000000d5580000)
  object space 70656K, 99% used [0x0000000080000000,0x00000000844a6248,0x0000000084500000)
 Metaspace       used 69461K, committed 70976K, reserved 1114112K
  class space    used 7340K, committed 8000K, reserved 1048576K
}
Event: 7.026 GC heap after
{Heap after GC invocations=70 (full 3):
 PSYoungGen      total 15872K, used 352K [0x00000000d5580000, 0x00000000d6900000, 0x0000000100000000)
  eden space 14848K, 0% used [0x00000000d5580000,0x00000000d5580000,0x00000000d6400000)
  from space 1024K, 34% used [0x00000000d6780000,0x00000000d67d8000,0x00000000d6880000)
  to   space 512K, 0% used [0x00000000d6880000,0x00000000d6880000,0x00000000d6900000)
 ParOldGen       total 70656K, used 70536K [0x0000000080000000, 0x0000000084500000, 0x00000000d5580000)
  object space 70656K, 99% used [0x0000000080000000,0x00000000844e2248,0x0000000084500000)
 Metaspace       used 69461K, committed 70976K, reserved 1114112K
  class space    used 7340K, committed 8000K, reserved 1048576K
}
Event: 7.383 GC heap before
{Heap before GC invocations=71 (full 3):
 PSYoungGen      total 15872K, used 15200K [0x00000000d5580000, 0x00000000d6900000, 0x0000000100000000)
  eden space 14848K, 100% used [0x00000000d5580000,0x00000000d6400000,0x00000000d6400000)
  from space 1024K, 34% used [0x00000000d6780000,0x00000000d67d8000,0x00000000d6880000)
  to   space 512K, 0% used [0x00000000d6880000,0x00000000d6880000,0x00000000d6900000)
 ParOldGen       total 70656K, used 70536K [0x0000000080000000, 0x0000000084500000, 0x00000000d5580000)
  object space 70656K, 99% used [0x0000000080000000,0x00000000844e2248,0x0000000084500000)
 Metaspace       used 69651K, committed 71232K, reserved 1114112K
  class space    used 7343K, committed 8000K, reserved 1048576K
}
Event: 7.383 GC heap after
{Heap after GC invocations=71 (full 3):
 PSYoungGen      total 15360K, used 496K [0x00000000d5580000, 0x00000000d6900000, 0x0000000100000000)
  eden space 14848K, 0% used [0x00000000d5580000,0x00000000d5580000,0x00000000d6400000)
  from space 512K, 96% used [0x00000000d6880000,0x00000000d68fc010,0x00000000d6900000)
  to   space 1024K, 0% used [0x00000000d6700000,0x00000000d6700000,0x00000000d6800000)
 ParOldGen       total 71168K, used 70680K [0x0000000080000000, 0x0000000084580000, 0x00000000d5580000)
  object space 71168K, 99% used [0x0000000080000000,0x0000000084506248,0x0000000084580000)
 Metaspace       used 69651K, committed 71232K, reserved 1114112K
  class space    used 7343K, committed 8000K, reserved 1048576K
}
Event: 21.052 GC heap before
{Heap before GC invocations=72 (full 3):
 PSYoungGen      total 15360K, used 15344K [0x00000000d5580000, 0x00000000d6900000, 0x0000000100000000)
  eden space 14848K, 100% used [0x00000000d5580000,0x00000000d6400000,0x00000000d6400000)
  from space 512K, 96% used [0x00000000d6880000,0x00000000d68fc010,0x00000000d6900000)
  to   space 1024K, 0% used [0x00000000d6700000,0x00000000d6700000,0x00000000d6800000)
 ParOldGen       total 71168K, used 70680K [0x0000000080000000, 0x0000000084580000, 0x00000000d5580000)
  object space 71168K, 99% used [0x0000000080000000,0x0000000084506248,0x0000000084580000)
 Metaspace       used 69924K, committed 71552K, reserved 1114112K
  class space    used 7354K, committed 8064K, reserved 1048576K
}
Event: 21.053 GC heap after
{Heap after GC invocations=72 (full 3):
 PSYoungGen      total 15872K, used 1008K [0x00000000d5580000, 0x00000000d6900000, 0x0000000100000000)
  eden space 14848K, 0% used [0x00000000d5580000,0x00000000d5580000,0x00000000d6400000)
  from space 1024K, 98% used [0x00000000d6700000,0x00000000d67fc010,0x00000000d6800000)
  to   space 1024K, 0% used [0x00000000d6800000,0x00000000d6800000,0x00000000d6900000)
 ParOldGen       total 72192K, used 71725K [0x0000000080000000, 0x0000000084680000, 0x00000000d5580000)
  object space 72192K, 99% used [0x0000000080000000,0x000000008460b7e8,0x0000000084680000)
 Metaspace       used 69924K, committed 71552K, reserved 1114112K
  class space    used 7354K, committed 8064K, reserved 1048576K
}
Event: 21.332 GC heap before
{Heap before GC invocations=73 (full 3):
 PSYoungGen      total 15872K, used 15856K [0x00000000d5580000, 0x00000000d6900000, 0x0000000100000000)
  eden space 14848K, 100% used [0x00000000d5580000,0x00000000d6400000,0x00000000d6400000)
  from space 1024K, 98% used [0x00000000d6700000,0x00000000d67fc010,0x00000000d6800000)
  to   space 1024K, 0% used [0x00000000d6800000,0x00000000d6800000,0x00000000d6900000)
 ParOldGen       total 72192K, used 71725K [0x0000000080000000, 0x0000000084680000, 0x00000000d5580000)
  object space 72192K, 99% used [0x0000000080000000,0x000000008460b7e8,0x0000000084680000)
 Metaspace       used 70357K, committed 71936K, reserved 1114112K
  class space    used 7383K, committed 8064K, reserved 1048576K
}
Event: 21.334 GC heap after
{Heap after GC invocations=73 (full 3):
 PSYoungGen      total 15872K, used 992K [0x00000000d5580000, 0x00000000d6900000, 0x0000000100000000)
  eden space 14848K, 0% used [0x00000000d5580000,0x00000000d5580000,0x00000000d6400000)
  from space 1024K, 96% used [0x00000000d6800000,0x00000000d68f8010,0x00000000d6900000)
  to   space 2560K, 0% used [0x00000000d6400000,0x00000000d6400000,0x00000000d6680000)
 ParOldGen       total 73216K, used 72969K [0x0000000080000000, 0x0000000084780000, 0x00000000d5580000)
  object space 73216K, 99% used [0x0000000080000000,0x0000000084742478,0x0000000084780000)
 Metaspace       used 70357K, committed 71936K, reserved 1114112K
  class space    used 7383K, committed 8064K, reserved 1048576K
}

