# JRE version: OpenJDK Runtime Environment Temurin-21.0.8+9 (21.0.8+9) (build 21.0.8+9-LTS)
# Java VM: OpenJDK 64-Bit Server VM Temurin-21.0.8+9 (21.0.8+9-LTS, mixed mode, sharing, tiered, compressed oops, compressed class ptrs, parallel gc, windows-amd64)
GC Precious Log:
 CardTable entry size: 512
 CPUs: 12 total, 12 available
 Memory: 15773M
 Large Page Support: Disabled
 NUMA Support: Disabled
 Compressed Oops: Enabled (32-bit)
 Alignments: Space 512K, Generation 512K, Heap 2M
 Heap Min Capacity: 100M
 Heap Initial Capacity: 100M
 Heap Max Capacity: 2G
 Pre-touch: Disabled
 Parallel Workers: 10
Heap:
 PSYoungGen      total 6144K, used 5438K [0x00000000d5580000, 0x00000000d5d80000, 0x0000000100000000)
  eden space 4096K, 100% used [0x00000000d5580000,0x00000000d5980000,0x00000000d5980000)
  from space 2048K, 65% used [0x00000000d5980000,0x00000000d5acfb70,0x00000000d5b80000)
  to   space 1536K, 100% used [0x00000000d5c00000,0x00000000d5d80000,0x00000000d5d80000)
 ParOldGen       total 259584K, used 259349K [0x0000000080000000, 0x000000008fd80000, 0x00000000d5580000)
  object space 259584K, 99% used [0x0000000080000000,0x000000008fd45710,0x000000008fd80000)
 Metaspace       used 78471K, committed 80128K, reserved 1179648K
  class space    used 8238K, committed 8960K, reserved 1048576K
GC Heap History (20 events):
Event: 227.412 GC heap before
{Heap before GC invocations=333 (full 3):
 PSYoungGen      total 2048K, used 1760K [0x00000000d5580000, 0x00000000d5900000, 0x0000000100000000)
  eden space 1024K, 100% used [0x00000000d5580000,0x00000000d5680000,0x00000000d5680000)
  from space 1024K, 71% used [0x00000000d5680000,0x00000000d5738000,0x00000000d5780000)
  to   space 1024K, 0% used [0x00000000d5800000,0x00000000d5800000,0x00000000d5900000)
 ParOldGen       total 245760K, used 245356K [0x0000000080000000, 0x000000008f000000, 0x00000000d5580000)
  object space 245760K, 99% used [0x0000000080000000,0x000000008ef9b330,0x000000008f000000)
 Metaspace       used 78416K, committed 80128K, reserved 1179648K
  class space    used 8238K, committed 8960K, reserved 1048576K
}
Event: 227.414 GC heap after
{Heap after GC invocations=333 (full 3):
 PSYoungGen      total 2560K, used 768K [0x00000000d5580000, 0x00000000d5900000, 0x0000000100000000)
  eden space 1536K, 0% used [0x00000000d5580000,0x00000000d5580000,0x00000000d5700000)
  from space 1024K, 75% used [0x00000000d5800000,0x00000000d58c0000,0x00000000d5900000)
  to   space 1024K, 0% used [0x00000000d5700000,0x00000000d5700000,0x00000000d5800000)
 ParOldGen       total 246272K, used 245999K [0x0000000080000000, 0x000000008f080000, 0x00000000d5580000)
  object space 246272K, 99% used [0x0000000080000000,0x000000008f03bc30,0x000000008f080000)
 Metaspace       used 78416K, committed 80128K, reserved 1179648K
  class space    used 8238K, committed 8960K, reserved 1048576K
}
Event: 227.419 GC heap before
{Heap before GC invocations=334 (full 3):
 PSYoungGen      total 2560K, used 2304K [0x00000000d5580000, 0x00000000d5900000, 0x0000000100000000)
  eden space 1536K, 100% used [0x00000000d5580000,0x00000000d5700000,0x00000000d5700000)
  from space 1024K, 75% used [0x00000000d5800000,0x00000000d58c0000,0x00000000d5900000)
  to   space 1024K, 0% used [0x00000000d5700000,0x00000000d5700000,0x00000000d5800000)
 ParOldGen       total 246272K, used 245999K [0x0000000080000000, 0x000000008f080000, 0x00000000d5580000)
  object space 246272K, 99% used [0x0000000080000000,0x000000008f03bc30,0x000000008f080000)
 Metaspace       used 78417K, committed 80128K, reserved 1179648K
  class space    used 8238K, committed 8960K, reserved 1048576K
}
Event: 227.421 GC heap after
{Heap after GC invocations=334 (full 3):
 PSYoungGen      total 2560K, used 1024K [0x00000000d5580000, 0x00000000d5c80000, 0x0000000100000000)
  eden space 1536K, 0% used [0x00000000d5580000,0x00000000d5580000,0x00000000d5700000)
  from space 1024K, 100% used [0x00000000d5700000,0x00000000d5800000,0x00000000d5800000)
  to   space 2560K, 0% used [0x00000000d5a00000,0x00000000d5a00000,0x00000000d5c80000)
 ParOldGen       total 247296K, used 246903K [0x0000000080000000, 0x000000008f180000, 0x00000000d5580000)
  object space 247296K, 99% used [0x0000000080000000,0x000000008f11dc40,0x000000008f180000)
 Metaspace       used 78417K, committed 80128K, reserved 1179648K
  class space    used 8238K, committed 8960K, reserved 1048576K
}
Event: 227.423 GC heap before
{Heap before GC invocations=335 (full 3):
 PSYoungGen      total 2560K, used 2560K [0x00000000d5580000, 0x00000000d5c80000, 0x0000000100000000)
  eden space 1536K, 100% used [0x00000000d5580000,0x00000000d5700000,0x00000000d5700000)
  from space 1024K, 100% used [0x00000000d5700000,0x00000000d5800000,0x00000000d5800000)
  to   space 2560K, 0% used [0x00000000d5a00000,0x00000000d5a00000,0x00000000d5c80000)
 ParOldGen       total 247296K, used 246903K [0x0000000080000000, 0x000000008f180000, 0x00000000d5580000)
  object space 247296K, 99% used [0x0000000080000000,0x000000008f11dc40,0x000000008f180000)
 Metaspace       used 78418K, committed 80128K, reserved 1179648K
  class space    used 8238K, committed 8960K, reserved 1048576K
}
Event: 227.425 GC heap after
{Heap after GC invocations=335 (full 3):
 PSYoungGen      total 3584K, used 1344K [0x00000000d5580000, 0x00000000d5b80000, 0x0000000100000000)
  eden space 2048K, 0% used [0x00000000d5580000,0x00000000d5580000,0x00000000d5780000)
  from space 1536K, 87% used [0x00000000d5a00000,0x00000000d5b50000,0x00000000d5b80000)
  to   space 2048K, 0% used [0x00000000d5780000,0x00000000d5780000,0x00000000d5980000)
 ParOldGen       total 248320K, used 247959K [0x0000000080000000, 0x000000008f280000, 0x00000000d5580000)
  object space 248320K, 99% used [0x0000000080000000,0x000000008f225c40,0x000000008f280000)
 Metaspace       used 78418K, committed 80128K, reserved 1179648K
  class space    used 8238K, committed 8960K, reserved 1048576K
}
Event: 227.430 GC heap before
{Heap before GC invocations=336 (full 3):
 PSYoungGen      total 3584K, used 3392K [0x00000000d5580000, 0x00000000d5b80000, 0x0000000100000000)
  eden space 2048K, 100% used [0x00000000d5580000,0x00000000d5780000,0x00000000d5780000)
  from space 1536K, 87% used [0x00000000d5a00000,0x00000000d5b50000,0x00000000d5b80000)
  to   space 2048K, 0% used [0x00000000d5780000,0x00000000d5780000,0x00000000d5980000)
 ParOldGen       total 248320K, used 247959K [0x0000000080000000, 0x000000008f280000, 0x00000000d5580000)
  object space 248320K, 99% used [0x0000000080000000,0x000000008f225c40,0x000000008f280000)
 Metaspace       used 78421K, committed 80128K, reserved 1179648K
  class space    used 8238K, committed 8960K, reserved 1048576K
}
Event: 227.432 GC heap after
{Heap after GC invocations=336 (full 3):
 PSYoungGen      total 4096K, used 1280K [0x00000000d5580000, 0x00000000d5b00000, 0x0000000100000000)
  eden space 2048K, 0% used [0x00000000d5580000,0x00000000d5580000,0x00000000d5780000)
  from space 2048K, 62% used [0x00000000d5780000,0x00000000d58c0000,0x00000000d5980000)
  to   space 1536K, 0% used [0x00000000d5980000,0x00000000d5980000,0x00000000d5b00000)
 ParOldGen       total 249344K, used 249215K [0x0000000080000000, 0x000000008f380000, 0x00000000d5580000)
  object space 249344K, 99% used [0x0000000080000000,0x000000008f35fc40,0x000000008f380000)
 Metaspace       used 78421K, committed 80128K, reserved 1179648K
  class space    used 8238K, committed 8960K, reserved 1048576K
}
Event: 227.434 GC heap before
{Heap before GC invocations=337 (full 3):
 PSYoungGen      total 4096K, used 3327K [0x00000000d5580000, 0x00000000d5b00000, 0x0000000100000000)
  eden space 2048K, 99% used [0x00000000d5580000,0x00000000d577ffb8,0x00000000d5780000)
  from space 2048K, 62% used [0x00000000d5780000,0x00000000d58c0000,0x00000000d5980000)
  to   space 1536K, 0% used [0x00000000d5980000,0x00000000d5980000,0x00000000d5b00000)
 ParOldGen       total 249344K, used 249215K [0x0000000080000000, 0x000000008f380000, 0x00000000d5580000)
  object space 249344K, 99% used [0x0000000080000000,0x000000008f35fc40,0x000000008f380000)
 Metaspace       used 78422K, committed 80128K, reserved 1179648K
  class space    used 8238K, committed 8960K, reserved 1048576K
}
Event: 227.435 GC heap after
{Heap after GC invocations=337 (full 3):
 PSYoungGen      total 4096K, used 1264K [0x00000000d5580000, 0x00000000d5b00000, 0x0000000100000000)
  eden space 2560K, 0% used [0x00000000d5580000,0x00000000d5580000,0x00000000d5800000)
  from space 1536K, 82% used [0x00000000d5980000,0x00000000d5abc010,0x00000000d5b00000)
  to   space 1536K, 0% used [0x00000000d5800000,0x00000000d5800000,0x00000000d5980000)
 ParOldGen       total 250880K, used 250391K [0x0000000080000000, 0x000000008f500000, 0x00000000d5580000)
  object space 250880K, 99% used [0x0000000080000000,0x000000008f485c60,0x000000008f500000)
 Metaspace       used 78422K, committed 80128K, reserved 1179648K
  class space    used 8238K, committed 8960K, reserved 1048576K
}
Event: 227.441 GC heap before
{Heap before GC invocations=338 (full 3):
 PSYoungGen      total 4096K, used 3824K [0x00000000d5580000, 0x00000000d5b00000, 0x0000000100000000)
  eden space 2560K, 100% used [0x00000000d5580000,0x00000000d5800000,0x00000000d5800000)
  from space 1536K, 82% used [0x00000000d5980000,0x00000000d5abc010,0x00000000d5b00000)
  to   space 1536K, 0% used [0x00000000d5800000,0x00000000d5800000,0x00000000d5980000)
 ParOldGen       total 250880K, used 250391K [0x0000000080000000, 0x000000008f500000, 0x00000000d5580000)
  object space 250880K, 99% used [0x0000000080000000,0x000000008f485c60,0x000000008f500000)
 Metaspace       used 78425K, committed 80128K, reserved 1179648K
  class space    used 8238K, committed 8960K, reserved 1048576K
}
Event: 227.443 GC heap after
{Heap after GC invocations=338 (full 3):
 PSYoungGen      total 4096K, used 1528K [0x00000000d5580000, 0x00000000d5e80000, 0x0000000100000000)
  eden space 2560K, 0% used [0x00000000d5580000,0x00000000d5580000,0x00000000d5800000)
  from space 1536K, 99% used [0x00000000d5800000,0x00000000d597e2e8,0x00000000d5980000)
  to   space 3072K, 0% used [0x00000000d5b80000,0x00000000d5b80000,0x00000000d5e80000)
 ParOldGen       total 251904K, used 251655K [0x0000000080000000, 0x000000008f600000, 0x00000000d5580000)
  object space 251904K, 99% used [0x0000000080000000,0x000000008f5c1c70,0x000000008f600000)
 Metaspace       used 78425K, committed 80128K, reserved 1179648K
  class space    used 8238K, committed 8960K, reserved 1048576K
}
Event: 227.447 GC heap before
{Heap before GC invocations=339 (full 3):
 PSYoungGen      total 4096K, used 3939K [0x00000000d5580000, 0x00000000d5e80000, 0x0000000100000000)
  eden space 2560K, 94% used [0x00000000d5580000,0x00000000d57dad08,0x00000000d5800000)
  from space 1536K, 99% used [0x00000000d5800000,0x00000000d597e2e8,0x00000000d5980000)
  to   space 3072K, 0% used [0x00000000d5b80000,0x00000000d5b80000,0x00000000d5e80000)
 ParOldGen       total 251904K, used 251655K [0x0000000080000000, 0x000000008f600000, 0x00000000d5580000)
  object space 251904K, 99% used [0x0000000080000000,0x000000008f5c1c70,0x000000008f600000)
 Metaspace       used 78435K, committed 80128K, reserved 1179648K
  class space    used 8238K, committed 8960K, reserved 1048576K
}
Event: 227.448 GC heap after
{Heap after GC invocations=339 (full 3):
 PSYoungGen      total 5120K, used 1924K [0x00000000d5580000, 0x00000000d5d80000, 0x0000000100000000)
  eden space 3072K, 0% used [0x00000000d5580000,0x00000000d5580000,0x00000000d5880000)
  from space 2048K, 93% used [0x00000000d5b80000,0x00000000d5d61160,0x00000000d5d80000)
  to   space 2560K, 0% used [0x00000000d5880000,0x00000000d5880000,0x00000000d5b00000)
 ParOldGen       total 253440K, used 253117K [0x0000000080000000, 0x000000008f780000, 0x00000000d5580000)
  object space 253440K, 99% used [0x0000000080000000,0x000000008f72f758,0x000000008f780000)
 Metaspace       used 78435K, committed 80128K, reserved 1179648K
  class space    used 8238K, committed 8960K, reserved 1048576K
}
Event: 227.456 GC heap before
{Heap before GC invocations=340 (full 3):
 PSYoungGen      total 5120K, used 4996K [0x00000000d5580000, 0x00000000d5d80000, 0x0000000100000000)
  eden space 3072K, 100% used [0x00000000d5580000,0x00000000d5880000,0x00000000d5880000)
  from space 2048K, 93% used [0x00000000d5b80000,0x00000000d5d61160,0x00000000d5d80000)
  to   space 2560K, 0% used [0x00000000d5880000,0x00000000d5880000,0x00000000d5b00000)
 ParOldGen       total 253440K, used 253117K [0x0000000080000000, 0x000000008f780000, 0x00000000d5580000)
  object space 253440K, 99% used [0x0000000080000000,0x000000008f72f758,0x000000008f780000)
 Metaspace       used 78442K, committed 80128K, reserved 1179648K
  class space    used 8238K, committed 8960K, reserved 1048576K
}
Event: 227.458 GC heap after
{Heap after GC invocations=340 (full 3):
 PSYoungGen      total 5632K, used 1857K [0x00000000d5580000, 0x00000000d5d80000, 0x0000000100000000)
  eden space 3072K, 0% used [0x00000000d5580000,0x00000000d5580000,0x00000000d5880000)
  from space 2560K, 72% used [0x00000000d5880000,0x00000000d5a50560,0x00000000d5b00000)
  to   space 2048K, 0% used [0x00000000d5b80000,0x00000000d5b80000,0x00000000d5d80000)
 ParOldGen       total 254976K, used 254966K [0x0000000080000000, 0x000000008f900000, 0x00000000d5580000)
  object space 254976K, 99% used [0x0000000080000000,0x000000008f8fd9f8,0x000000008f900000)
 Metaspace       used 78442K, committed 80128K, reserved 1179648K
  class space    used 8238K, committed 8960K, reserved 1048576K
}
Event: 227.467 GC heap before
{Heap before GC invocations=341 (full 3):
 PSYoungGen      total 5632K, used 4914K [0x00000000d5580000, 0x00000000d5d80000, 0x0000000100000000)
  eden space 3072K, 99% used [0x00000000d5580000,0x00000000d587c5a0,0x00000000d5880000)
  from space 2560K, 72% used [0x00000000d5880000,0x00000000d5a50560,0x00000000d5b00000)
  to   space 2048K, 0% used [0x00000000d5b80000,0x00000000d5b80000,0x00000000d5d80000)
 ParOldGen       total 254976K, used 254966K [0x0000000080000000, 0x000000008f900000, 0x00000000d5580000)
  object space 254976K, 99% used [0x0000000080000000,0x000000008f8fd9f8,0x000000008f900000)
 Metaspace       used 78447K, committed 80128K, reserved 1179648K
  class space    used 8238K, committed 8960K, reserved 1048576K
}
Event: 227.469 GC heap after
{Heap after GC invocations=341 (full 3):
 PSYoungGen      total 6144K, used 1488K [0x00000000d5580000, 0x00000000d5d80000, 0x0000000100000000)
  eden space 4096K, 0% used [0x00000000d5580000,0x00000000d5580000,0x00000000d5980000)
  from space 2048K, 72% used [0x00000000d5b80000,0x00000000d5cf4000,0x00000000d5d80000)
  to   space 2048K, 0% used [0x00000000d5980000,0x00000000d5980000,0x00000000d5b80000)
 ParOldGen       total 257024K, used 256649K [0x0000000080000000, 0x000000008fb00000, 0x00000000d5580000)
  object space 257024K, 99% used [0x0000000080000000,0x000000008faa26d0,0x000000008fb00000)
 Metaspace       used 78447K, committed 80128K, reserved 1179648K
  class space    used 8238K, committed 8960K, reserved 1048576K
}
Event: 227.497 GC heap before
{Heap before GC invocations=342 (full 3):
 PSYoungGen      total 6144K, used 5584K [0x00000000d5580000, 0x00000000d5d80000, 0x0000000100000000)
  eden space 4096K, 100% used [0x00000000d5580000,0x00000000d5980000,0x00000000d5980000)
  from space 2048K, 72% used [0x00000000d5b80000,0x00000000d5cf4000,0x00000000d5d80000)
  to   space 2048K, 0% used [0x00000000d5980000,0x00000000d5980000,0x00000000d5b80000)
 ParOldGen       total 257024K, used 256649K [0x0000000080000000, 0x000000008fb00000, 0x00000000d5580000)
  object space 257024K, 99% used [0x0000000080000000,0x000000008faa26d0,0x000000008fb00000)
 Metaspace       used 78470K, committed 80128K, reserved 1179648K
  class space    used 8238K, committed 8960K, reserved 1048576K
}
Event: 227.499 GC heap after
{Heap after GC invocations=342 (full 3):
 PSYoungGen      total 6144K, used 1342K [0x00000000d5580000, 0x00000000d5d80000, 0x0000000100000000)
  eden space 4096K, 0% used [0x00000000d5580000,0x00000000d5580000,0x00000000d5980000)
  from space 2048K, 65% used [0x00000000d5980000,0x00000000d5acfb70,0x00000000d5b80000)
  to   space 1536K, 0% used [0x00000000d5c00000,0x00000000d5c00000,0x00000000d5d80000)
 ParOldGen       total 258048K, used 257982K [0x0000000080000000, 0x000000008fc00000, 0x00000000d5580000)
  object space 258048K, 99% used [0x0000000080000000,0x000000008fbef958,0x000000008fc00000)
 Metaspace       used 78470K, committed 80128K, reserved 1179648K
  class space    used 8238K, committed 8960K, reserved 1048576K
}

